This file contains any messages produced by compilers while
running configure, to aid debugging if configure makes a mistake.

It was created by gre configure 0.3.2, which was
generated by GNU Autoconf 2.61.  Invocation command line was

  $ ./configure 

## --------- ##
## Platform. ##
## --------- ##

hostname = emit.local
uname -m = i386
uname -r = 10.3.0
uname -s = Darwin
uname -v = Darwin Kernel Version 10.3.0: Fri Feb 26 11:58:09 PST 2010; root:xnu-1504.3.12~1/RELEASE_I386

/usr/bin/uname -p = i386
/bin/uname -X     = unknown

/bin/arch              = unknown
/usr/bin/arch -k       = unknown
/usr/convex/getsysinfo = unknown
/usr/bin/hostinfo      = Mach kernel version:
	 Darwin Kernel Version 10.3.0: Fri Feb 26 11:58:09 PST 2010; root:xnu-1504.3.12~1/RELEASE_I386
Kernel configured for up to 16 processors.
8 processors are physically available.
16 processors are logically available.
Processor type: i486 (Intel 80486)
Processors active: 0 1 2 3 4 5 6 7 8 9 10 11 12 13 14 15
Primary memory available: 12.00 gigabytes
Default processor set: 109 tasks, 460 threads, 16 processors
Load average: 0.38, Mach factor: 15.61
/bin/machine           = unknown
/usr/bin/oslevel       = unknown
/bin/universe          = unknown

PATH: /Library/Frameworks/Python.framework/Versions/Current/bin
PATH: /usr/local/mysql/bin
PATH: /usr/bin
PATH: /bin
PATH: /usr/sbin
PATH: /sbin
PATH: /usr/local/bin
PATH: /usr/local/git/bin
PATH: /usr/texbin
PATH: /usr/X11/bin
PATH: /usr/texbin/
PATH: /Users/kelley/bin
PATH: /usr/local/git/bin/


## ----------- ##
## Core tests. ##
## ----------- ##

configure:1817: checking for a BSD-compatible install
configure:1873: result: /usr/bin/install -c
configure:1884: checking whether build environment is sane
configure:1927: result: yes
configure:1951: WARNING: `missing' script is too old or missing
configure:1955: checking for a thread-safe mkdir -p
configure:1994: result: ./install-sh -c -d
configure:2007: checking for gawk
configure:2037: result: no
configure:2007: checking for mawk
configure:2037: result: no
configure:2007: checking for nawk
configure:2037: result: no
configure:2007: checking for awk
configure:2023: found /usr/bin/awk
configure:2034: result: awk
configure:2045: checking whether make sets $(MAKE)
configure:2066: result: yes
configure:2260: checking build system type
configure:2278: result: i386-apple-darwin10.3.0
configure:2300: checking host system type
configure:2315: result: i386-apple-darwin10.3.0
configure:2380: checking for ranlib
configure:2396: found /usr/bin/ranlib
configure:2407: result: ranlib
configure:2446: checking for a BSD-compatible install
configure:2502: result: /usr/bin/install -c
configure:2513: checking whether make sets $(MAKE)
configure:2534: result: yes
configure:2547: checking for bison
configure:2563: found /usr/bin/bison
configure:2574: result: bison -y
configure:2639: checking for gcc
configure:2655: found /usr/bin/gcc
configure:2666: result: gcc
configure:2904: checking for C compiler version
configure:2911: gcc --version >&5
i686-apple-darwin10-gcc-4.2.1 (GCC) 4.2.1 (Apple Inc. build 5659)
Copyright (C) 2007 Free Software Foundation, Inc.
This is free software; see the source for copying conditions.  There is NO
warranty; not even for MERCHANTABILITY or FITNESS FOR A PARTICULAR PURPOSE.

configure:2914: $? = 0
configure:2921: gcc -v >&5
Using built-in specs.
Target: i686-apple-darwin10
Configured with: /var/tmp/gcc/gcc-5659~1/src/configure --disable-checking --enable-werror --prefix=/usr --mandir=/share/man --enable-languages=c,objc,c++,obj-c++ --program-transform-name=/^[cg][^.-]*$/s/$/-4.2/ --with-slibdir=/usr/lib --build=i686-apple-darwin10 --program-prefix=i686-apple-darwin10- --host=x86_64-apple-darwin10 --target=i686-apple-darwin10 --with-gxx-include-dir=/include/c++/4.2.1
Thread model: posix
gcc version 4.2.1 (Apple Inc. build 5659)
configure:2924: $? = 0
configure:2931: gcc -V >&5
gcc-4.2: argument to `-V' is missing
configure:2934: $? = 1
configure:2957: checking for C compiler default output file name
configure:2984: gcc    conftest.c  >&5
configure:2987: $? = 0
configure:3025: result: a.out
configure:3042: checking whether the C compiler works
configure:3052: ./a.out
configure:3055: $? = 0
configure:3072: result: yes
configure:3079: checking whether we are cross compiling
configure:3081: result: no
configure:3084: checking for suffix of executables
configure:3091: gcc -o conftest    conftest.c  >&5
configure:3094: $? = 0
configure:3118: result: 
configure:3124: checking for suffix of object files
configure:3150: gcc -c   conftest.c >&5
configure:3153: $? = 0
configure:3176: result: o
configure:3180: checking whether we are using the GNU C compiler
configure:3209: gcc -c   conftest.c >&5
configure:3215: $? = 0
configure:3232: result: yes
configure:3237: checking whether gcc accepts -g
configure:3267: gcc -c -g  conftest.c >&5
configure:3273: $? = 0
configure:3372: result: yes
configure:3389: checking for gcc option to accept ISO C89
configure:3463: gcc  -c -g -O2  conftest.c >&5
configure:3469: $? = 0
configure:3492: result: none needed
configure:3521: checking for style of include used by make
configure:3549: result: GNU
configure:3574: checking dependency style of gcc
configure:3665: result: none
configure:3738: checking for g++
configure:3754: found /usr/bin/g++
configure:3765: result: g++
configure:3796: checking for C++ compiler version
configure:3803: g++ --version >&5
i686-apple-darwin10-g++-4.2.1 (GCC) 4.2.1 (Apple Inc. build 5659)
Copyright (C) 2007 Free Software Foundation, Inc.
This is free software; see the source for copying conditions.  There is NO
warranty; not even for MERCHANTABILITY or FITNESS FOR A PARTICULAR PURPOSE.

configure:3806: $? = 0
configure:3813: g++ -v >&5
Using built-in specs.
Target: i686-apple-darwin10
Configured with: /var/tmp/gcc/gcc-5659~1/src/configure --disable-checking --enable-werror --prefix=/usr --mandir=/share/man --enable-languages=c,objc,c++,obj-c++ --program-transform-name=/^[cg][^.-]*$/s/$/-4.2/ --with-slibdir=/usr/lib --build=i686-apple-darwin10 --program-prefix=i686-apple-darwin10- --host=x86_64-apple-darwin10 --target=i686-apple-darwin10 --with-gxx-include-dir=/include/c++/4.2.1
Thread model: posix
gcc version 4.2.1 (Apple Inc. build 5659)
configure:3816: $? = 0
configure:3823: g++ -V >&5
g++-4.2: argument to `-V' is missing
configure:3826: $? = 1
configure:3829: checking whether we are using the GNU C++ compiler
configure:3858: g++ -c   conftest.cpp >&5
configure:3864: $? = 0
configure:3881: result: yes
configure:3886: checking whether g++ accepts -g
configure:3916: g++ -c -g  conftest.cpp >&5
configure:3922: $? = 0
configure:4021: result: yes
configure:4046: checking dependency style of g++
configure:4137: result: none
configure:4157: checking how to run the C++ preprocessor
configure:4193: g++ -E  conftest.cpp
configure:4199: $? = 0
configure:4230: g++ -E  conftest.cpp
conftest.cpp:10:28: error: ac_nonexistent.h: No such file or directory
configure:4236: $? = 1
configure: failed program was:
| /* confdefs.h.  */
| #define PACKAGE_NAME "gre"
| #define PACKAGE_TARNAME "gre"
| #define PACKAGE_VERSION "0.3.2"
| #define PACKAGE_STRING "gre 0.3.2"
| #define PACKAGE_BUGREPORT ""
| #define PACKAGE "gre"
| #define VERSION "0.3.2"
| /* end confdefs.h.  */
| #include <ac_nonexistent.h>
configure:4269: result: g++ -E
configure:4298: g++ -E  conftest.cpp
configure:4304: $? = 0
configure:4335: g++ -E  conftest.cpp
conftest.cpp:10:28: error: ac_nonexistent.h: No such file or directory
configure:4341: $? = 1
configure: failed program was:
| /* confdefs.h.  */
| #define PACKAGE_NAME "gre"
| #define PACKAGE_TARNAME "gre"
| #define PACKAGE_VERSION "0.3.2"
| #define PACKAGE_STRING "gre 0.3.2"
| #define PACKAGE_BUGREPORT ""
| #define PACKAGE "gre"
| #define VERSION "0.3.2"
| /* end confdefs.h.  */
| #include <ac_nonexistent.h>
configure:4385: checking for old C++ subroutine called string::remove
configure:4419: g++ -c -g -O2  conftest.cpp >&5
conftest.cpp: In function 'int main()':
conftest.cpp:18: error: 'string' was not declared in this scope
conftest.cpp:18: error: expected `;' before 's'
conftest.cpp:19: error: 's' was not declared in this scope
configure:4425: $? = 1
configure: failed program was:
| /* confdefs.h.  */
| #define PACKAGE_NAME "gre"
| #define PACKAGE_TARNAME "gre"
| #define PACKAGE_VERSION "0.3.2"
| #define PACKAGE_STRING "gre 0.3.2"
| #define PACKAGE_BUGREPORT ""
| #define PACKAGE "gre"
| #define VERSION "0.3.2"
| /* end confdefs.h.  */
| 
| #define _POSIX_SOURCE 1
| #include <string>
| 
| int
| main ()
| {
| 
| string s("hi");
| s.remove(0,1);
| 
|   ;
|   return 0;
| }
configure:4441: result: no
configure:4451: checking for gcc compiler
configure:4454: checking for grep that handles long lines and -e
configure:4528: result: /usr/bin/grep
configure:4533: checking for egrep
configure:4611: result: /usr/bin/grep -E
configure:4641: result: yes
configure:4645: checking for C++ compiler with new headers as of August 2002
configure:4673: result: yes
configure:4678: checking for DEC cxx compiler
configure:4705: result: no
configure:4713: checking for for apple computer
configure:4740: result: yes
configure:4752: checking for DEC alpha computer
configure:4779: result: no
configure:4789: checking for BeOS environment
configure:4816: result: no
configure:4827: checking for HPUX environment
configure:4854: result: no
configure:4866: checking for for Sun Microsystems computer
configure:4893: result: no
configure:4903: checking for for IBM AIX computer with IBM compiler
configure:4930: result: no
configure:4941: checking for for mingw32 system
configure:4968: result: no
configure:4978: checking to see whether this machine is big endian or little endian
configure:5017: gcc -o conftest -g -O2   conftest.c  >&5
conftest.c: In function 'main':
conftest.c:19: warning: incompatible implicit declaration of built-in function 'exit'
configure:5020: $? = 0
configure:5026: ./conftest
configure:5029: $? = 0
configure:5052: result: little
configure:5068: checking for ANSI C header files
configure:5098: g++ -c -g -O2  conftest.cpp >&5
configure:5104: $? = 0
configure:5203: g++ -o conftest -g -O2   conftest.cpp  >&5
configure:5206: $? = 0
configure:5212: ./conftest
configure:5215: $? = 0
configure:5232: result: yes
configure:5256: checking for sys/types.h
configure:5277: g++ -c -g -O2  conftest.cpp >&5
configure:5283: $? = 0
configure:5299: result: yes
configure:5256: checking for sys/stat.h
configure:5277: g++ -c -g -O2  conftest.cpp >&5
configure:5283: $? = 0
configure:5299: result: yes
configure:5256: checking for stdlib.h
configure:5277: g++ -c -g -O2  conftest.cpp >&5
configure:5283: $? = 0
configure:5299: result: yes
configure:5256: checking for string.h
configure:5277: g++ -c -g -O2  conftest.cpp >&5
configure:5283: $? = 0
configure:5299: result: yes
configure:5256: checking for memory.h
configure:5277: g++ -c -g -O2  conftest.cpp >&5
configure:5283: $? = 0
configure:5299: result: yes
configure:5256: checking for strings.h
configure:5277: g++ -c -g -O2  conftest.cpp >&5
configure:5283: $? = 0
configure:5299: result: yes
configure:5256: checking for inttypes.h
configure:5277: g++ -c -g -O2  conftest.cpp >&5
configure:5283: $? = 0
configure:5299: result: yes
configure:5256: checking for stdint.h
configure:5277: g++ -c -g -O2  conftest.cpp >&5
configure:5283: $? = 0
configure:5299: result: yes
configure:5256: checking for unistd.h
configure:5277: g++ -c -g -O2  conftest.cpp >&5
configure:5283: $? = 0
configure:5299: result: yes
configure:5316: checking for unistd.h
configure:5322: result: yes
configure:5453: checking for netcdf library
configure:5525: checking for convert
configure:5541: found /usr/local/bin/convert
configure:5553: result: yes
configure:5569: checking for ANSI C header files
configure:5733: result: yes
configure:5745: checking for poptReadConfigFile in -lpopt
configure:5780: g++ -o conftest -g -O2   conftest.cpp -lpopt   -L/usr/local/lib -lnetcdf >&5
ld: library not found for -lpopt
collect2: ld returned 1 exit status
configure:5786: $? = 1
configure: failed program was:
| /* confdefs.h.  */
| #define PACKAGE_NAME "gre"
| #define PACKAGE_TARNAME "gre"
| #define PACKAGE_VERSION "0.3.2"
| #define PACKAGE_STRING "gre 0.3.2"
| #define PACKAGE_BUGREPORT ""
| #define PACKAGE "gre"
| #define VERSION "0.3.2"
| #define IS_APPLE 1
| #define GRE_IS_BIG_ENDIAN 0
| #define STDC_HEADERS 1
| #define HAVE_SYS_TYPES_H 1
| #define HAVE_SYS_STAT_H 1
| #define HAVE_STDLIB_H 1
| #define HAVE_STRING_H 1
| #define HAVE_MEMORY_H 1
| #define HAVE_STRINGS_H 1
| #define HAVE_INTTYPES_H 1
| #define HAVE_STDINT_H 1
| #define HAVE_UNISTD_H 1
| #define HAVE_UNISTD_H 1
| #define HAVE_LIBNETCDF 1
| #define STDC_HEADERS 1
| /* end confdefs.h.  */
| 
| /* Override any GCC internal prototype to avoid an error.
|    Use char because int might match the return type of a GCC
|    builtin and then its argument prototype would still apply.  */
| #ifdef __cplusplus
| extern "C"
| #endif
| char poptReadConfigFile ();
| int
| main ()
| {
| return poptReadConfigFile ();
|   ;
|   return 0;
| }
configure:5804: result: no
configure:5816: checking for pid_t
configure:5846: g++ -c -g -O2  conftest.cpp >&5
configure:5852: $? = 0
configure:5867: result: yes
configure:5880: checking for POSIX times() subroutine
configure:5919: g++ -c -g -O2  conftest.cpp >&5
configure:5925: $? = 0
configure:5941: result: yes
configure:5968: checking for isnan
configure:6024: g++ -o conftest -g -O2   conftest.cpp  -L/usr/local/lib -lnetcdf >&5
configure:6030: $? = 0
configure:6048: result: yes
configure:5968: checking for isinf
configure:6024: g++ -o conftest -g -O2   conftest.cpp  -L/usr/local/lib -lnetcdf >&5
configure:6030: $? = 0
configure:6048: result: yes
configure:5968: checking for acosh
configure:6024: g++ -o conftest -g -O2   conftest.cpp  -L/usr/local/lib -lnetcdf >&5
configure:6030: $? = 0
configure:6048: result: yes
configure:5968: checking for getcwd
configure:6024: g++ -o conftest -g -O2   conftest.cpp  -L/usr/local/lib -lnetcdf >&5
configure:6030: $? = 0
configure:6048: result: yes
configure:5968: checking for popen
configure:6024: g++ -o conftest -g -O2   conftest.cpp  -L/usr/local/lib -lnetcdf >&5
configure:6030: $? = 0
configure:6048: result: yes
configure:5968: checking for mkstemp
configure:6024: g++ -o conftest -g -O2   conftest.cpp  -L/usr/local/lib -lnetcdf >&5
configure:6030: $? = 0
configure:6048: result: yes
configure:5968: checking for tmpnam
configure:6024: g++ -o conftest -g -O2   conftest.cpp  -L/usr/local/lib -lnetcdf >&5
configure:6030: $? = 0
configure:6048: result: yes
configure:5968: checking for tempnam
configure:6024: g++ -o conftest -g -O2   conftest.cpp  -L/usr/local/lib -lnetcdf >&5
configure:6030: $? = 0
configure:6048: result: yes
configure:5968: checking for gethostname
configure:6024: g++ -o conftest -g -O2   conftest.cpp  -L/usr/local/lib -lnetcdf >&5
configure:6030: $? = 0
configure:6048: result: yes
configure:5968: checking for access
configure:6024: g++ -o conftest -g -O2   conftest.cpp  -L/usr/local/lib -lnetcdf >&5
configure:6030: $? = 0
configure:6048: result: yes
configure:5968: checking for lstat
configure:6024: g++ -o conftest -g -O2   conftest.cpp  -L/usr/local/lib -lnetcdf >&5
configure:6030: $? = 0
configure:6048: result: yes
configure:5968: checking for stat
configure:6024: g++ -o conftest -g -O2   conftest.cpp  -L/usr/local/lib -lnetcdf >&5
configure:6030: $? = 0
configure:6048: result: yes
configure:5968: checking for strerror
configure:6024: g++ -o conftest -g -O2   conftest.cpp  -L/usr/local/lib -lnetcdf >&5
configure:6030: $? = 0
configure:6048: result: yes
configure:6058: checking whether getenv is declared
configure:6087: g++ -c -g -O2  conftest.cpp >&5
configure:6093: $? = 0
configure:6108: result: yes
configure:6117: checking whether drand48 is declared
configure:6146: g++ -c -g -O2  conftest.cpp >&5
configure:6152: $? = 0
configure:6167: result: yes
configure:6419: creating ./config.status

## ---------------------- ##
## Running config.status. ##
## ---------------------- ##

This file was extended by gre config.status 0.3.2, which was
generated by GNU Autoconf 2.61.  Invocation command line was

  CONFIG_FILES    = 
  CONFIG_HEADERS  = 
  CONFIG_LINKS    = 
  CONFIG_COMMANDS = 
  $ ./config.status 

on emit.local

config.status:624: executing depfiles commands
configure:7405: creating ./config.status

## ---------------------- ##
## Running config.status. ##
## ---------------------- ##

This file was extended by gre config.status 0.3.2, which was
generated by GNU Autoconf 2.61.  Invocation command line was

  CONFIG_FILES    = 
  CONFIG_HEADERS  = 
  CONFIG_LINKS    = 
  CONFIG_COMMANDS = 
  $ ./config.status 

on emit.local

config.status:653: creating Makefile
config.status:653: creating doc/Makefile
config.status:653: creating doc/figures/Makefile
config.status:653: creating doc/tst_suite/Makefile
config.status:653: creating src/Makefile
config.status:653: creating src/proj/Makefile
config.status:844: executing depfiles commands

## ---------------- ##
## Cache variables. ##
## ---------------- ##

ac_cv_build=i386-apple-darwin10.3.0
ac_cv_c_compiler_gnu=yes
ac_cv_cxx_compiler_gnu=yes
ac_cv_env_CCC_set=
ac_cv_env_CCC_value=
ac_cv_env_CC_set=
ac_cv_env_CC_value=
ac_cv_env_CFLAGS_set=
ac_cv_env_CFLAGS_value=
ac_cv_env_CPPFLAGS_set=
ac_cv_env_CPPFLAGS_value=
ac_cv_env_CXXCPP_set=
ac_cv_env_CXXCPP_value=
ac_cv_env_CXXFLAGS_set=
ac_cv_env_CXXFLAGS_value=
ac_cv_env_CXX_set=
ac_cv_env_CXX_value=
ac_cv_env_LDFLAGS_set=
ac_cv_env_LDFLAGS_value=
ac_cv_env_LIBS_set=
ac_cv_env_LIBS_value=
ac_cv_env_YACC_set=
ac_cv_env_YACC_value=
ac_cv_env_YFLAGS_set=
ac_cv_env_YFLAGS_value=
ac_cv_env_build_alias_set=
ac_cv_env_build_alias_value=
ac_cv_env_host_alias_set=
ac_cv_env_host_alias_value=
ac_cv_env_target_alias_set=
ac_cv_env_target_alias_value=
ac_cv_func_access=yes
ac_cv_func_acosh=yes
ac_cv_func_getcwd=yes
ac_cv_func_gethostname=yes
ac_cv_func_isinf=yes
ac_cv_func_isnan=yes
ac_cv_func_lstat=yes
ac_cv_func_mkstemp=yes
ac_cv_func_popen=yes
ac_cv_func_stat=yes
ac_cv_func_strerror=yes
ac_cv_func_tempnam=yes
ac_cv_func_tmpnam=yes
ac_cv_have_decl_drand48=yes
ac_cv_have_decl_getenv=yes
ac_cv_header_inttypes_h=yes
ac_cv_header_memory_h=yes
ac_cv_header_stdc=yes
ac_cv_header_stdint_h=yes
ac_cv_header_stdlib_h=yes
ac_cv_header_string_h=yes
ac_cv_header_strings_h=yes
ac_cv_header_sys_stat_h=yes
ac_cv_header_sys_types_h=yes
ac_cv_header_unistd_h=yes
ac_cv_host=i386-apple-darwin10.3.0
ac_cv_lib_popt_poptReadConfigFile=no
ac_cv_objext=o
ac_cv_path_EGREP='/usr/bin/grep -E'
ac_cv_path_GREP=/usr/bin/grep
ac_cv_path_install='/usr/bin/install -c'
ac_cv_prog_AWK=awk
ac_cv_prog_CXXCPP='g++ -E'
ac_cv_prog_HAVE_CONVERT=yes
ac_cv_prog_YACC='bison -y'
ac_cv_prog_ac_ct_CC=gcc
ac_cv_prog_ac_ct_CXX=g++
ac_cv_prog_ac_ct_RANLIB=ranlib
ac_cv_prog_cc_c89=
ac_cv_prog_cc_g=yes
ac_cv_prog_cxx_g=yes
ac_cv_prog_make_make_set=yes
ac_cv_type_pid_t=yes
am_cv_CC_dependencies_compiler_type=none
am_cv_CXX_dependencies_compiler_type=none
gre_cv_endian_type=little
gre_cv_have_old_string=no
gre_cv_have_posix_times=yes
gre_cv_is_aix_with_ibm=no
gre_cv_is_apple=yes
gre_cv_is_beos=no
gre_cv_is_dec_alpha=no
gre_cv_is_deccxx=no
gre_cv_is_hpux=no
gre_cv_is_mingw32=no
gre_cv_is_sun=no

## ----------------- ##
## Output variables. ##
## ----------------- ##

ACLOCAL='aclocal-1.10'
AMDEPBACKSLASH='\'
AMDEP_FALSE='#'
AMDEP_TRUE=''
AMTAR='tar'
AM_CXXFLAGS=' -Wall -DCPLUSPLUSNEW -fno-strength-reduce -O0 -I/usr/local/include'
AUTOCONF='autoconf'
AUTOHEADER='autoheader'
AUTOMAKE='automake-1.10'
AWK='awk'
CC='gcc'
CCDEPMODE='depmode=none'
CFLAGS='-g -O2'
CPPFLAGS=''
CXX='g++'
CXXCPP='g++ -E'
CXXDEPMODE='depmode=none'
CXXFLAGS='-g -O2'
CYGPATH_W='echo'
DEFS='-DPACKAGE_NAME=\"gre\" -DPACKAGE_TARNAME=\"gre\" -DPACKAGE_VERSION=\"0.3.2\" -DPACKAGE_STRING=\"gre\ 0.3.2\" -DPACKAGE_BUGREPORT=\"\" -DPACKAGE=\"gre\" -DVERSION=\"0.3.2\" -DIS_APPLE=1 -DGRE_IS_BIG_ENDIAN=0 -DSTDC_HEADERS=1 -DHAVE_SYS_TYPES_H=1 -DHAVE_SYS_STAT_H=1 -DHAVE_STDLIB_H=1 -DHAVE_STRING_H=1 -DHAVE_MEMORY_H=1 -DHAVE_STRINGS_H=1 -DHAVE_INTTYPES_H=1 -DHAVE_STDINT_H=1 -DHAVE_UNISTD_H=1 -DHAVE_UNISTD_H=1 -DHAVE_LIBNETCDF=1 -DSTDC_HEADERS=1 -DHAVE_POSIX_TIMES=1 -DHAVE_ISNAN=1 -DHAVE_ISINF=1 -DHAVE_ACOSH=1 -DHAVE_GETCWD=1 -DHAVE_POPEN=1 -DHAVE_MKSTEMP=1 -DHAVE_TMPNAM=1 -DHAVE_TEMPNAM=1 -DHAVE_GETHOSTNAME=1 -DHAVE_ACCESS=1 -DHAVE_LSTAT=1 -DHAVE_STAT=1 -DHAVE_STRERROR=1 -DHAVE_GETENV=1 -DHAVE_DRAND48=1'
DEPDIR='.deps'
ECHO_C='ECHO_N=''
ECHO_T=''
EGREP='/usr/bin/grep -E'
EXEEXT=''
EXTRA_CFLAGS_TEMPLATE=' -Wall -I/opt/netcdf/include'
GREP='/usr/bin/grep'
HAVE_CONVERT='yes'
INSTALL_DATA='${INSTALL} -m 644'
INSTALL_PROGRAM='${INSTALL}'
INSTALL_SCRIPT='${INSTALL}'
INSTALL_STRIP_PROGRAM='$(install_sh) -c -s'
LDFLAGS=''
LIBOBJS=''
LIBS=' -L/usr/local/lib -lnetcdf'
LTLIBOBJS=''
MAKEINFO='makeinfo'
OBJEXT='o'
OS_IS_LINUX_DEBIAN_FALSE=''
OS_IS_LINUX_DEBIAN_TRUE='#'
OS_IS_LINUX_REDHAT_FALSE=''
OS_IS_LINUX_REDHAT_TRUE='#'
OS_IS_SOLARIS_FALSE=''
OS_IS_SOLARIS_TRUE='#'
PACKAGE='gre'
PACKAGE_BUGREPORT=''
PACKAGE_NAME='gre'
PACKAGE_STRING='gre 0.3.2'
PACKAGE_TARNAME='gre'
PACKAGE_VERSION='0.3.2'
PATH_SEPARATOR=':'
PROGS='gre'
RANLIB='ranlib'
SET_MAKE=''
SHELL='/bin/sh'
STRIP=''
VERSION='0.3.2'
YACC='bison -y'
YFLAGS=''
ac_ct_CC='gcc'
ac_ct_CXX='g++'
am__fastdepCC_FALSE=''
am__fastdepCC_TRUE='#'
am__fastdepCXX_FALSE=''
am__fastdepCXX_TRUE='#'
am__include='include'
am__isrc=''
am__leading_dot='.'
am__quote=''
am__tar='${AMTAR} chof - "$$tardir"'
am__untar='${AMTAR} xf -'
bindir='${exec_prefix}/bin'
build='i386-apple-darwin10.3.0'
build_alias=''
build_cpu='i386'
build_os='darwin10.3.0'
build_vendor='apple'
datadir='${datarootdir}'
datarootdir='${prefix}/share'
docdir='${datarootdir}/doc/${PACKAGE_TARNAME}'
dvidir='${docdir}'
exec_prefix='${prefix}'
host='i386-apple-darwin10.3.0'
host_alias=''
host_cpu='i386'
host_os='darwin10.3.0'
host_vendor='apple'
htmldir='${docdir}'
includedir='${prefix}/include'
infodir='${datarootdir}/info'
install_sh='$(SHELL) /Users/kelley/src/gre/install-sh'
libdir='${exec_prefix}/lib'
libexecdir='${exec_prefix}/libexec'
localedir='${datarootdir}/locale'
localstatedir='${prefix}/var'
mandir='${datarootdir}/man'
mkdir_p='$(top_builddir)/./install-sh -c -d'
oldincludedir='/usr/include'
pdfdir='${docdir}'
prefix='/usr/local'
program_transform_name='s,x,x,'
psdir='${docdir}'
sbindir='${exec_prefix}/sbin'
sharedstatedir='${prefix}/com'
sysconfdir='${prefix}/etc'
target_alias=''

## ----------- ##
## confdefs.h. ##
## ----------- ##

#define PACKAGE_NAME "gre"
#define PACKAGE_TARNAME "gre"
#define PACKAGE_VERSION "0.3.2"
#define PACKAGE_STRING "gre 0.3.2"
#define PACKAGE_BUGREPORT ""
#define PACKAGE "gre"
#define VERSION "0.3.2"
#define IS_APPLE 1
#define GRE_IS_BIG_ENDIAN 0
#define STDC_HEADERS 1
#define HAVE_SYS_TYPES_H 1
#define HAVE_SYS_STAT_H 1
#define HAVE_STDLIB_H 1
#define HAVE_STRING_H 1
#define HAVE_MEMORY_H 1
#define HAVE_STRINGS_H 1
#define HAVE_INTTYPES_H 1
#define HAVE_STDINT_H 1
#define HAVE_UNISTD_H 1
#define HAVE_UNISTD_H 1
#define HAVE_LIBNETCDF 1
#define STDC_HEADERS 1
#define HAVE_POSIX_TIMES 1
#define HAVE_ISNAN 1
#define HAVE_ISINF 1
#define HAVE_ACOSH 1
#define HAVE_GETCWD 1
#define HAVE_POPEN 1
#define HAVE_MKSTEMP 1
#define HAVE_TMPNAM 1
#define HAVE_TEMPNAM 1
#define HAVE_GETHOSTNAME 1
#define HAVE_ACCESS 1
#define HAVE_LSTAT 1
#define HAVE_STAT 1
#define HAVE_STRERROR 1
#define HAVE_GETENV 1
#define HAVE_DRAND48 1

configure: exit 0
